[     153ms] [LOG] utms script loaded! 2.3.12 @ https://cdn.utmify.com.br/scripts/utms/latest.js:0
[     278ms] [INFO] %cDownload the React DevTools for a better development experience: https://react.dev/link/react-devtools font-weight:bold @ http://localhost:3000/_next/static/chunks/node_modules_next_dist_7a8122d0._.js:2287
[     439ms] [LOG] [Tracking] funnel_started {step: 1} @ http://localhost:3000/_next/static/chunks/node_modules_next_dist_7a8122d0._.js:2287
[     559ms] [LOG] %c[Vercel Web Analytics]%c Debug mode is enabled by default in development. No requests will be sent to the server. color: rgb(120, 120, 120) color: inherit @ http://localhost:3000/_next/static/chunks/node_modules_next_dist_7a8122d0._.js:2287
[     560ms] [LOG] %c[Vercel Web Analytics]%c Running queued event color: rgb(120, 120, 120) color: inherit pageview {route: /, path: /} @ http://localhost:3000/_next/static/chunks/node_modules_next_dist_7a8122d0._.js:2287
[     560ms] [LOG] %c[Vercel Web Analytics]%c [view] http://localhost:3000/ color: rgb(120, 120, 120) color: inherit {o: http://localhost:3000/, sv: 0.1.3, sdkn: @vercel/analytics/next, sdkv: 1.3.1, ts: 1779650999412} /_vercel/insights/view @ http://localhost:3000/_next/static/chunks/node_modules_next_dist_7a8122d0._.js:2287
[     889ms] [LOG] [HMR] connected @ http://localhost:3000/_next/static/chunks/node_modules_next_dist_7a8122d0._.js:2287
[    3524ms] [LOG] [Tracking] step_viewed {step: 2} @ http://localhost:3000/_next/static/chunks/node_modules_next_dist_7a8122d0._.js:2287
[    3524ms] [LOG] %c[Vercel Web Analytics]%c [event] step_viewed color: rgb(120, 120, 120) color: inherit {o: http://localhost:3000/, sv: 0.1.3, sdkn: @vercel/analytics/next, sdkv: 1.3.1, ts: 1779651002371} /_vercel/insights/event @ http://localhost:3000/_next/static/chunks/node_modules_next_dist_7a8122d0._.js:2287
[    4508ms] [LOG] [Tracking] question_answered {question_number: 1, question_title: ¿Qué camino quieres seguir?, option_id: 1b, option_text: 🔥 Estrategia Premium +18, option_tag: fechar-parcerias} @ http://localhost:3000/_next/static/chunks/node_modules_next_dist_7a8122d0._.js:2287
[    4513ms] [LOG] %c[Vercel Web Analytics]%c [event] question_answered color: rgb(120, 120, 120) color: inherit {o: http://localhost:3000/, sv: 0.1.3, sdkn: @vercel/analytics/next, sdkv: 1.3.1, ts: 1779651003356} /_vercel/insights/event @ http://localhost:3000/_next/static/chunks/node_modules_next_dist_7a8122d0._.js:2287
[    5337ms] [LOG] [Tracking] step_viewed {step: 6} @ http://localhost:3000/_next/static/chunks/node_modules_next_dist_7a8122d0._.js:2287
[    5338ms] [LOG] %c[Vercel Web Analytics]%c [event] step_viewed color: rgb(120, 120, 120) color: inherit {o: http://localhost:3000/, sv: 0.1.3, sdkn: @vercel/analytics/next, sdkv: 1.3.1, ts: 1779651004186} /_vercel/insights/event @ http://localhost:3000/_next/static/chunks/node_modules_next_dist_7a8122d0._.js:2287
[    6956ms] [LOG] [Tracking] step_viewed {step: 7} @ http://localhost:3000/_next/static/chunks/node_modules_next_dist_7a8122d0._.js:2287
[    6956ms] [LOG] %c[Vercel Web Analytics]%c [event] step_viewed color: rgb(120, 120, 120) color: inherit {o: http://localhost:3000/, sv: 0.1.3, sdkn: @vercel/analytics/next, sdkv: 1.3.1, ts: 1779651005804} /_vercel/insights/event @ http://localhost:3000/_next/static/chunks/node_modules_next_dist_7a8122d0._.js:2287
[    7019ms] [LOG] ApiCompat: loaded @ http://localhost:3000/_next/static/chunks/node_modules_next_dist_7a8122d0._.js:2287
[    7023ms] [LOG] VTurb :: v4.14.0 JSHandle@node @ http://localhost:3000/_next/static/chunks/node_modules_next_dist_7a8122d0._.js:2287
[    7213ms] [ERROR] Access to fetch at 'https://vt-h-1.b-cdn.net/x' from origin 'http://localhost:3000' has been blocked by CORS policy: Response to preflight request doesn't pass access control check: No 'Access-Control-Allow-Origin' header is present on the requested resource. @ http://localhost:3000/:0
[    7213ms] [ERROR] Failed to load resource: net::ERR_FAILED @ https://vt-h-1.b-cdn.net/x:0
[    8155ms] [WARNING] [33m[WARNING]:[0m HlsVideo: [gap-controller]: [Playback stalling at @0 due to low buffer ({"len":…:[{"start":0,"end":4.003999}],"bufferedIndex":0})] @ http://localhost:3000/_next/static/chunks/node_modules_next_dist_7a8122d0._.js:2287
[    8156ms] [WARNING] [33m[WARNING]:[0m HlsVideo: Non-fatal error encountered {type: mediaError, details: bufferStalledError, fatal: false, error: Error: Playback stalling at @0 due to low buffer ({"len":4.003999,"start":0,"end":4.003999,"buffere…, buffer: 4.003999} @ http://localhost:3000/_next/static/chunks/node_modules_next_dist_7a8122d0._.js:2287
[   12806ms] [WARNING] The resource https://scripts.converteai.net/8961d838-aff2-4dce-9b39-e84022d332ce/players/697f8cbb1385ff513705f870/v4/player.js was preloaded using link preload but not used within a few seconds from the window's load event. Please make sure it has an appropriate `as` value and it is preloaded intentionally. @ http://localhost:3000/:0
[   12806ms] [WARNING] The resource https://cdn.converteai.net/8961d838-aff2-4dce-9b39-e84022d332ce/697f8cab6300fb8f8ee04980/main.m3u8 was preloaded using link preload but not used within a few seconds from the window's load event. Please make sure it has an appropriate `as` value and it is preloaded intentionally. @ http://localhost:3000/:0
[   14745ms] [LOG] VTurb :: v4.14.0 JSHandle@node @ http://localhost:3000/_next/static/chunks/node_modules_next_dist_7a8122d0._.js:2287
[   15170ms] [LOG] [Tracking] step_viewed {step: 17} @ http://localhost:3000/_next/static/chunks/node_modules_next_dist_7a8122d0._.js:2287
[   15170ms] [LOG] %c[Vercel Web Analytics]%c [event] step_viewed color: rgb(120, 120, 120) color: inherit {o: http://localhost:3000/, sv: 0.1.3, sdkn: @vercel/analytics/next, sdkv: 1.3.1, ts: 1779651014017} /_vercel/insights/event @ http://localhost:3000/_next/static/chunks/node_modules_next_dist_7a8122d0._.js:2287
