[     231ms] [LOG] utms script loaded! 2.3.12 @ https://cdn.utmify.com.br/scripts/utms/latest.js:0
[     351ms] [INFO] %cDownload the React DevTools for a better development experience: https://react.dev/link/react-devtools font-weight:bold @ http://localhost:3000/_next/static/chunks/node_modules_next_dist_7a8122d0._.js:2287
[     368ms] [LOG] [HMR] connected @ http://localhost:3000/_next/static/chunks/node_modules_next_dist_7a8122d0._.js:2287
[     380ms] [LOG] [Tracking] funnel_started {step: 1} @ http://localhost:3000/_next/static/chunks/node_modules_next_dist_7a8122d0._.js:2287
[     401ms] [LOG] %c[Vercel Web Analytics]%c Debug mode is enabled by default in development. No requests will be sent to the server. color: rgb(120, 120, 120) color: inherit @ http://localhost:3000/_next/static/chunks/node_modules_next_dist_7a8122d0._.js:2287
[     401ms] [LOG] %c[Vercel Web Analytics]%c Running queued event color: rgb(120, 120, 120) color: inherit pageview {route: /, path: /} @ http://localhost:3000/_next/static/chunks/node_modules_next_dist_7a8122d0._.js:2287
[     401ms] [LOG] %c[Vercel Web Analytics]%c [view] http://localhost:3000/ color: rgb(120, 120, 120) color: inherit {o: http://localhost:3000/, sv: 0.1.3, sdkn: @vercel/analytics/next, sdkv: 1.3.1, ts: 1779654389425} /_vercel/insights/view @ http://localhost:3000/_next/static/chunks/node_modules_next_dist_7a8122d0._.js:2287
[    3588ms] [WARNING] The resource https://scripts.converteai.net/8961d838-aff2-4dce-9b39-e84022d332ce/players/697f8cbb1385ff513705f870/v4/player.js was preloaded using link preload but not used within a few seconds from the window's load event. Please make sure it has an appropriate `as` value and it is preloaded intentionally. @ http://localhost:3000/:0
[    3588ms] [WARNING] The resource https://cdn.converteai.net/8961d838-aff2-4dce-9b39-e84022d332ce/697f8cab6300fb8f8ee04980/main.m3u8 was preloaded using link preload but not used within a few seconds from the window's load event. Please make sure it has an appropriate `as` value and it is preloaded intentionally. @ http://localhost:3000/:0
[    8476ms] [WARNING] The resource https://scripts.converteai.net/8961d838-aff2-4dce-9b39-e84022d332ce/players/697f8cbb1385ff513705f870/v4/player.js was preloaded using link preload but not used within a few seconds from the window's load event. Please make sure it has an appropriate `as` value and it is preloaded intentionally. @ http://localhost:3000/:0
[    8476ms] [WARNING] The resource https://cdn.converteai.net/8961d838-aff2-4dce-9b39-e84022d332ce/697f8cab6300fb8f8ee04980/main.m3u8 was preloaded using link preload but not used within a few seconds from the window's load event. Please make sure it has an appropriate `as` value and it is preloaded intentionally. @ http://localhost:3000/:0
[    9334ms] [LOG] [Tracking] step_viewed {step: 2} @ http://localhost:3000/_next/static/chunks/node_modules_next_dist_7a8122d0._.js:2287
[    9334ms] [LOG] %c[Vercel Web Analytics]%c [event] step_viewed color: rgb(120, 120, 120) color: inherit {o: http://localhost:3000/, sv: 0.1.3, sdkn: @vercel/analytics/next, sdkv: 1.3.1, ts: 1779654398353} /_vercel/insights/event @ http://localhost:3000/_next/static/chunks/node_modules_next_dist_7a8122d0._.js:2287
[    9829ms] [LOG] [Tracking] question_answered {question_number: 1, question_title: ¿Qué camino quieres seguir?, option_id: 1a, option_text: 📱 Influencer Monetizada, option_tag: shopee-tiktok} @ http://localhost:3000/_next/static/chunks/node_modules_next_dist_7a8122d0._.js:2287
[    9834ms] [LOG] %c[Vercel Web Analytics]%c [event] question_answered color: rgb(120, 120, 120) color: inherit {o: http://localhost:3000/, sv: 0.1.3, sdkn: @vercel/analytics/next, sdkv: 1.3.1, ts: 1779654398848} /_vercel/insights/event @ http://localhost:3000/_next/static/chunks/node_modules_next_dist_7a8122d0._.js:2287
[   10638ms] [LOG] [Tracking] step_viewed {step: 3} @ http://localhost:3000/_next/static/chunks/node_modules_next_dist_7a8122d0._.js:2287
[   10638ms] [LOG] %c[Vercel Web Analytics]%c [event] step_viewed color: rgb(120, 120, 120) color: inherit {o: http://localhost:3000/, sv: 0.1.3, sdkn: @vercel/analytics/next, sdkv: 1.3.1, ts: 1779654399658} /_vercel/insights/event @ http://localhost:3000/_next/static/chunks/node_modules_next_dist_7a8122d0._.js:2287
[   10716ms] [LOG] ApiCompat: loaded @ http://localhost:3000/_next/static/chunks/node_modules_next_dist_7a8122d0._.js:2287
[   10718ms] [LOG] VTurb :: v4.14.0 JSHandle@node @ http://localhost:3000/_next/static/chunks/node_modules_next_dist_7a8122d0._.js:2287
[   10735ms] [LOG] VTurb :: v4.14.0 JSHandle@node @ http://localhost:3000/_next/static/chunks/node_modules_next_dist_7a8122d0._.js:2287
[   11145ms] [LOG] [Tracking] step_viewed {step: 4} @ http://localhost:3000/_next/static/chunks/node_modules_next_dist_7a8122d0._.js:2287
[   11145ms] [LOG] %c[Vercel Web Analytics]%c [event] step_viewed color: rgb(120, 120, 120) color: inherit {o: http://localhost:3000/, sv: 0.1.3, sdkn: @vercel/analytics/next, sdkv: 1.3.1, ts: 1779654400163} /_vercel/insights/event @ http://localhost:3000/_next/static/chunks/node_modules_next_dist_7a8122d0._.js:2287
[   11210ms] [WARNING] Image with src "/images/depoimento1.png" was detected as the Largest Contentful Paint (LCP). Please add the `loading="eager"` property if this image is above the fold.
Read more: https://nextjs.org/docs/app/api-reference/components/image#loading @ http://localhost:3000/_next/static/chunks/node_modules_next_dist_7a8122d0._.js:2287
[   12060ms] [LOG] [Tracking] step_viewed {step: 5} @ http://localhost:3000/_next/static/chunks/node_modules_next_dist_7a8122d0._.js:2287
[   12061ms] [LOG] %c[Vercel Web Analytics]%c [event] step_viewed color: rgb(120, 120, 120) color: inherit {o: http://localhost:3000/, sv: 0.1.3, sdkn: @vercel/analytics/next, sdkv: 1.3.1, ts: 1779654401077} /_vercel/insights/event @ http://localhost:3000/_next/static/chunks/node_modules_next_dist_7a8122d0._.js:2287
[   12110ms] [WARNING] Image with src "/images/image4.png" was detected as the Largest Contentful Paint (LCP). Please add the `loading="eager"` property if this image is above the fold.
Read more: https://nextjs.org/docs/app/api-reference/components/image#loading @ http://localhost:3000/_next/static/chunks/node_modules_next_dist_7a8122d0._.js:2287
[   12973ms] [LOG] [Tracking] step_viewed {step: 21} @ http://localhost:3000/_next/static/chunks/node_modules_next_dist_7a8122d0._.js:2287
[   12974ms] [LOG] %c[Vercel Web Analytics]%c [event] step_viewed color: rgb(120, 120, 120) color: inherit {o: http://localhost:3000/, sv: 0.1.3, sdkn: @vercel/analytics/next, sdkv: 1.3.1, ts: 1779654401993} /_vercel/insights/event @ http://localhost:3000/_next/static/chunks/node_modules_next_dist_7a8122d0._.js:2287
[   17405ms] [WARNING] The resource https://scripts.converteai.net/8961d838-aff2-4dce-9b39-e84022d332ce/players/697f8cbb1385ff513705f870/v4/player.js was preloaded using link preload but not used within a few seconds from the window's load event. Please make sure it has an appropriate `as` value and it is preloaded intentionally. @ http://localhost:3000/:0
[   17405ms] [WARNING] The resource https://cdn.converteai.net/8961d838-aff2-4dce-9b39-e84022d332ce/697f8cab6300fb8f8ee04980/main.m3u8 was preloaded using link preload but not used within a few seconds from the window's load event. Please make sure it has an appropriate `as` value and it is preloaded intentionally. @ http://localhost:3000/:0
[   43394ms] [WARNING] The resource https://scripts.converteai.net/8961d838-aff2-4dce-9b39-e84022d332ce/players/697f8cbb1385ff513705f870/v4/player.js was preloaded using link preload but not used within a few seconds from the window's load event. Please make sure it has an appropriate `as` value and it is preloaded intentionally. @ http://localhost:3000/:0
[   43394ms] [WARNING] The resource https://cdn.converteai.net/8961d838-aff2-4dce-9b39-e84022d332ce/697f8cab6300fb8f8ee04980/main.m3u8 was preloaded using link preload but not used within a few seconds from the window's load event. Please make sure it has an appropriate `as` value and it is preloaded intentionally. @ http://localhost:3000/:0
[  104286ms] [LOG] [Fast Refresh] rebuilding @ http://localhost:3000/_next/static/chunks/node_modules_next_dist_7a8122d0._.js:2287
[  104311ms] [LOG] [Fast Refresh] done in 67ms @ http://localhost:3000/_next/static/chunks/node_modules_next_dist_7a8122d0._.js:2287
