[     609ms] [LOG] utms script loaded! 2.3.12 @ https://cdn.utmify.com.br/scripts/utms/latest.js:0
[     798ms] [INFO] %cDownload the React DevTools for a better development experience: https://react.dev/link/react-devtools font-weight:bold @ http://localhost:3000/_next/static/chunks/node_modules_next_dist_7a8122d0._.js:2287
[     859ms] [LOG] [HMR] connected @ http://localhost:3000/_next/static/chunks/node_modules_next_dist_7a8122d0._.js:2287
[     897ms] [LOG] [Tracking] funnel_started {step: 1} @ http://localhost:3000/_next/static/chunks/node_modules_next_dist_7a8122d0._.js:2287
[     945ms] [LOG] %c[Vercel Web Analytics]%c Debug mode is enabled by default in development. No requests will be sent to the server. color: rgb(120, 120, 120) color: inherit @ http://localhost:3000/_next/static/chunks/node_modules_next_dist_7a8122d0._.js:2287
[     946ms] [LOG] %c[Vercel Web Analytics]%c Running queued event color: rgb(120, 120, 120) color: inherit pageview {route: /, path: /} @ http://localhost:3000/_next/static/chunks/node_modules_next_dist_7a8122d0._.js:2287
[     946ms] [LOG] %c[Vercel Web Analytics]%c [view] http://localhost:3000/ color: rgb(120, 120, 120) color: inherit {o: http://localhost:3000/, sv: 0.1.3, sdkn: @vercel/analytics/next, sdkv: 1.3.1, ts: 1779653632653} /_vercel/insights/view @ http://localhost:3000/_next/static/chunks/node_modules_next_dist_7a8122d0._.js:2287
[    4685ms] [WARNING] The resource https://scripts.converteai.net/8961d838-aff2-4dce-9b39-e84022d332ce/players/697f8cbb1385ff513705f870/v4/player.js was preloaded using link preload but not used within a few seconds from the window's load event. Please make sure it has an appropriate `as` value and it is preloaded intentionally. @ http://localhost:3000/:0
[    4685ms] [WARNING] The resource https://cdn.converteai.net/8961d838-aff2-4dce-9b39-e84022d332ce/697f8cab6300fb8f8ee04980/main.m3u8 was preloaded using link preload but not used within a few seconds from the window's load event. Please make sure it has an appropriate `as` value and it is preloaded intentionally. @ http://localhost:3000/:0
[    4686ms] [WARNING] The resource https://scripts.converteai.net/lib/js/smartplayer-wc/v4/smartplayer.js was preloaded using link preload but not used within a few seconds from the window's load event. Please make sure it has an appropriate `as` value and it is preloaded intentionally. @ http://localhost:3000/:0
[    9003ms] [LOG] [Tracking] step_viewed {step: 2} @ http://localhost:3000/_next/static/chunks/node_modules_next_dist_7a8122d0._.js:2287
[    9003ms] [LOG] %c[Vercel Web Analytics]%c [event] step_viewed color: rgb(120, 120, 120) color: inherit {o: http://localhost:3000/, sv: 0.1.3, sdkn: @vercel/analytics/next, sdkv: 1.3.1, ts: 1779653640704} /_vercel/insights/event @ http://localhost:3000/_next/static/chunks/node_modules_next_dist_7a8122d0._.js:2287
[   12019ms] [WARNING] The resource https://scripts.converteai.net/8961d838-aff2-4dce-9b39-e84022d332ce/players/697f8cbb1385ff513705f870/v4/player.js was preloaded using link preload but not used within a few seconds from the window's load event. Please make sure it has an appropriate `as` value and it is preloaded intentionally. @ http://localhost:3000/:0
[   12019ms] [WARNING] The resource https://cdn.converteai.net/8961d838-aff2-4dce-9b39-e84022d332ce/697f8cab6300fb8f8ee04980/main.m3u8 was preloaded using link preload but not used within a few seconds from the window's load event. Please make sure it has an appropriate `as` value and it is preloaded intentionally. @ http://localhost:3000/:0
[   12019ms] [WARNING] The resource https://scripts.converteai.net/lib/js/smartplayer-wc/v4/smartplayer.js was preloaded using link preload but not used within a few seconds from the window's load event. Please make sure it has an appropriate `as` value and it is preloaded intentionally. @ http://localhost:3000/:0
[   17084ms] [WARNING] The resource https://scripts.converteai.net/8961d838-aff2-4dce-9b39-e84022d332ce/players/697f8cbb1385ff513705f870/v4/player.js was preloaded using link preload but not used within a few seconds from the window's load event. Please make sure it has an appropriate `as` value and it is preloaded intentionally. @ http://localhost:3000/:0
[   17084ms] [WARNING] The resource https://cdn.converteai.net/8961d838-aff2-4dce-9b39-e84022d332ce/697f8cab6300fb8f8ee04980/main.m3u8 was preloaded using link preload but not used within a few seconds from the window's load event. Please make sure it has an appropriate `as` value and it is preloaded intentionally. @ http://localhost:3000/:0
[   17084ms] [WARNING] The resource https://scripts.converteai.net/lib/js/smartplayer-wc/v4/smartplayer.js was preloaded using link preload but not used within a few seconds from the window's load event. Please make sure it has an appropriate `as` value and it is preloaded intentionally. @ http://localhost:3000/:0
[   22750ms] [LOG] [Tracking] question_answered {question_number: 1, question_title: ¿Qué camino quieres seguir?, option_id: 1a, option_text: 📱 Influencer Monetizada, option_tag: shopee-tiktok} @ http://localhost:3000/_next/static/chunks/node_modules_next_dist_7a8122d0._.js:2287
[   22755ms] [LOG] %c[Vercel Web Analytics]%c [event] question_answered color: rgb(120, 120, 120) color: inherit {o: http://localhost:3000/, sv: 0.1.3, sdkn: @vercel/analytics/next, sdkv: 1.3.1, ts: 1779653654451} /_vercel/insights/event @ http://localhost:3000/_next/static/chunks/node_modules_next_dist_7a8122d0._.js:2287
[   23570ms] [LOG] [Tracking] step_viewed {step: 3} @ http://localhost:3000/_next/static/chunks/node_modules_next_dist_7a8122d0._.js:2287
[   23571ms] [LOG] %c[Vercel Web Analytics]%c [event] step_viewed color: rgb(120, 120, 120) color: inherit {o: http://localhost:3000/, sv: 0.1.3, sdkn: @vercel/analytics/next, sdkv: 1.3.1, ts: 1779653655271} /_vercel/insights/event @ http://localhost:3000/_next/static/chunks/node_modules_next_dist_7a8122d0._.js:2287
[   23647ms] [LOG] ApiCompat: loaded @ http://localhost:3000/_next/static/chunks/node_modules_next_dist_7a8122d0._.js:2287
[   23652ms] [LOG] VTurb :: v4.14.0 JSHandle@node @ http://localhost:3000/_next/static/chunks/node_modules_next_dist_7a8122d0._.js:2287
[   23829ms] [ERROR] Access to fetch at 'https://vt-h-1.b-cdn.net/x' from origin 'http://localhost:3000' has been blocked by CORS policy: Response to preflight request doesn't pass access control check: No 'Access-Control-Allow-Origin' header is present on the requested resource. @ http://localhost:3000/:0
[   23830ms] [ERROR] Failed to load resource: net::ERR_FAILED @ https://vt-h-1.b-cdn.net/x:0
[   30823ms] [WARNING] The resource https://scripts.converteai.net/8961d838-aff2-4dce-9b39-e84022d332ce/players/697f8cbb1385ff513705f870/v4/player.js was preloaded using link preload but not used within a few seconds from the window's load event. Please make sure it has an appropriate `as` value and it is preloaded intentionally. @ http://localhost:3000/:0
[   30824ms] [WARNING] The resource https://cdn.converteai.net/8961d838-aff2-4dce-9b39-e84022d332ce/697f8cab6300fb8f8ee04980/main.m3u8 was preloaded using link preload but not used within a few seconds from the window's load event. Please make sure it has an appropriate `as` value and it is preloaded intentionally. @ http://localhost:3000/:0
[   37144ms] [LOG] utms script loaded! 2.3.12 @ https://cdn.utmify.com.br/scripts/utms/latest.js:0
[   37240ms] [INFO] %cDownload the React DevTools for a better development experience: https://react.dev/link/react-devtools font-weight:bold @ http://localhost:3000/_next/static/chunks/node_modules_next_dist_7a8122d0._.js:2287
[   37256ms] [LOG] [HMR] connected @ http://localhost:3000/_next/static/chunks/node_modules_next_dist_7a8122d0._.js:2287
[   37273ms] [LOG] [Tracking] funnel_started {step: 1} @ http://localhost:3000/_next/static/chunks/node_modules_next_dist_7a8122d0._.js:2287
[   37303ms] [LOG] %c[Vercel Web Analytics]%c Debug mode is enabled by default in development. No requests will be sent to the server. color: rgb(120, 120, 120) color: inherit @ http://localhost:3000/_next/static/chunks/node_modules_next_dist_7a8122d0._.js:2287
[   37303ms] [LOG] %c[Vercel Web Analytics]%c Running queued event color: rgb(120, 120, 120) color: inherit pageview {route: /, path: /} @ http://localhost:3000/_next/static/chunks/node_modules_next_dist_7a8122d0._.js:2287
[   37303ms] [LOG] %c[Vercel Web Analytics]%c [view] http://localhost:3000/ color: rgb(120, 120, 120) color: inherit {o: http://localhost:3000/, sv: 0.1.3, sdkn: @vercel/analytics/next, sdkv: 1.3.1, ts: 1779653669010} /_vercel/insights/view @ http://localhost:3000/_next/static/chunks/node_modules_next_dist_7a8122d0._.js:2287
[   40823ms] [WARNING] The resource https://scripts.converteai.net/8961d838-aff2-4dce-9b39-e84022d332ce/players/697f8cbb1385ff513705f870/v4/player.js was preloaded using link preload but not used within a few seconds from the window's load event. Please make sure it has an appropriate `as` value and it is preloaded intentionally. @ http://localhost:3000/:0
[   40823ms] [WARNING] The resource https://cdn.converteai.net/8961d838-aff2-4dce-9b39-e84022d332ce/697f8cab6300fb8f8ee04980/main.m3u8 was preloaded using link preload but not used within a few seconds from the window's load event. Please make sure it has an appropriate `as` value and it is preloaded intentionally. @ http://localhost:3000/:0
[   45371ms] [WARNING] The resource https://scripts.converteai.net/8961d838-aff2-4dce-9b39-e84022d332ce/players/697f8cbb1385ff513705f870/v4/player.js was preloaded using link preload but not used within a few seconds from the window's load event. Please make sure it has an appropriate `as` value and it is preloaded intentionally. @ http://localhost:3000/:0
[   45371ms] [WARNING] The resource https://cdn.converteai.net/8961d838-aff2-4dce-9b39-e84022d332ce/697f8cab6300fb8f8ee04980/main.m3u8 was preloaded using link preload but not used within a few seconds from the window's load event. Please make sure it has an appropriate `as` value and it is preloaded intentionally. @ http://localhost:3000/:0
[   55480ms] [LOG] [Tracking] step_viewed {step: 2} @ http://localhost:3000/_next/static/chunks/node_modules_next_dist_7a8122d0._.js:2287
[   55481ms] [LOG] %c[Vercel Web Analytics]%c [event] step_viewed color: rgb(120, 120, 120) color: inherit {o: http://localhost:3000/, sv: 0.1.3, sdkn: @vercel/analytics/next, sdkv: 1.3.1, ts: 1779653687180} /_vercel/insights/event @ http://localhost:3000/_next/static/chunks/node_modules_next_dist_7a8122d0._.js:2287
[   55769ms] [LOG] [Tracking] question_answered {question_number: 1, question_title: ¿Qué camino quieres seguir?, option_id: 1a, option_text: 📱 Influencer Monetizada, option_tag: shopee-tiktok} @ http://localhost:3000/_next/static/chunks/node_modules_next_dist_7a8122d0._.js:2287
[   55777ms] [LOG] %c[Vercel Web Analytics]%c [event] question_answered color: rgb(120, 120, 120) color: inherit {o: http://localhost:3000/, sv: 0.1.3, sdkn: @vercel/analytics/next, sdkv: 1.3.1, ts: 1779653687471} /_vercel/insights/event @ http://localhost:3000/_next/static/chunks/node_modules_next_dist_7a8122d0._.js:2287
[   56587ms] [LOG] [Tracking] step_viewed {step: 3} @ http://localhost:3000/_next/static/chunks/node_modules_next_dist_7a8122d0._.js:2287
[   56587ms] [LOG] %c[Vercel Web Analytics]%c [event] step_viewed color: rgb(120, 120, 120) color: inherit {o: http://localhost:3000/, sv: 0.1.3, sdkn: @vercel/analytics/next, sdkv: 1.3.1, ts: 1779653688285} /_vercel/insights/event @ http://localhost:3000/_next/static/chunks/node_modules_next_dist_7a8122d0._.js:2287
[   56655ms] [LOG] ApiCompat: loaded @ http://localhost:3000/_next/static/chunks/node_modules_next_dist_7a8122d0._.js:2287
[   56661ms] [LOG] VTurb :: v4.14.0 JSHandle@node @ http://localhost:3000/_next/static/chunks/node_modules_next_dist_7a8122d0._.js:2287
[   56770ms] [ERROR] Access to fetch at 'https://vt-h-1.b-cdn.net/x' from origin 'http://localhost:3000' has been blocked by CORS policy: Response to preflight request doesn't pass access control check: No 'Access-Control-Allow-Origin' header is present on the requested resource. @ http://localhost:3000/:0
[   56770ms] [ERROR] Failed to load resource: net::ERR_FAILED @ https://vt-h-1.b-cdn.net/x:0
[   63560ms] [WARNING] The resource https://scripts.converteai.net/8961d838-aff2-4dce-9b39-e84022d332ce/players/697f8cbb1385ff513705f870/v4/player.js was preloaded using link preload but not used within a few seconds from the window's load event. Please make sure it has an appropriate `as` value and it is preloaded intentionally. @ http://localhost:3000/:0
[   63561ms] [WARNING] The resource https://cdn.converteai.net/8961d838-aff2-4dce-9b39-e84022d332ce/697f8cab6300fb8f8ee04980/main.m3u8 was preloaded using link preload but not used within a few seconds from the window's load event. Please make sure it has an appropriate `as` value and it is preloaded intentionally. @ http://localhost:3000/:0
[   78838ms] [LOG] VTurb :: v4.14.0 JSHandle@node @ http://localhost:3000/_next/static/chunks/node_modules_next_dist_7a8122d0._.js:2287
[   79246ms] [LOG] [Tracking] step_viewed {step: 4} @ http://localhost:3000/_next/static/chunks/node_modules_next_dist_7a8122d0._.js:2287
[   79246ms] [LOG] %c[Vercel Web Analytics]%c [event] step_viewed color: rgb(120, 120, 120) color: inherit {o: http://localhost:3000/, sv: 0.1.3, sdkn: @vercel/analytics/next, sdkv: 1.3.1, ts: 1779653710949} /_vercel/insights/event @ http://localhost:3000/_next/static/chunks/node_modules_next_dist_7a8122d0._.js:2287
[   80451ms] [LOG] [Tracking] step_viewed {step: 5} @ http://localhost:3000/_next/static/chunks/node_modules_next_dist_7a8122d0._.js:2287
[   80451ms] [LOG] %c[Vercel Web Analytics]%c [event] step_viewed color: rgb(120, 120, 120) color: inherit {o: http://localhost:3000/, sv: 0.1.3, sdkn: @vercel/analytics/next, sdkv: 1.3.1, ts: 1779653712150} /_vercel/insights/event @ http://localhost:3000/_next/static/chunks/node_modules_next_dist_7a8122d0._.js:2287
[   80524ms] [WARNING] Image with src "/images/image4.png" was detected as the Largest Contentful Paint (LCP). Please add the `loading="eager"` property if this image is above the fold.
Read more: https://nextjs.org/docs/app/api-reference/components/image#loading @ http://localhost:3000/_next/static/chunks/node_modules_next_dist_7a8122d0._.js:2287
[   81676ms] [LOG] [Tracking] step_viewed {step: 21} @ http://localhost:3000/_next/static/chunks/node_modules_next_dist_7a8122d0._.js:2287
[   81677ms] [LOG] %c[Vercel Web Analytics]%c [event] step_viewed color: rgb(120, 120, 120) color: inherit {o: http://localhost:3000/, sv: 0.1.3, sdkn: @vercel/analytics/next, sdkv: 1.3.1, ts: 1779653713378} /_vercel/insights/event @ http://localhost:3000/_next/static/chunks/node_modules_next_dist_7a8122d0._.js:2287
[   87315ms] [WARNING] The resource https://scripts.converteai.net/8961d838-aff2-4dce-9b39-e84022d332ce/players/697f8cbb1385ff513705f870/v4/player.js was preloaded using link preload but not used within a few seconds from the window's load event. Please make sure it has an appropriate `as` value and it is preloaded intentionally. @ http://localhost:3000/:0
[   87315ms] [WARNING] The resource https://cdn.converteai.net/8961d838-aff2-4dce-9b39-e84022d332ce/697f8cab6300fb8f8ee04980/main.m3u8 was preloaded using link preload but not used within a few seconds from the window's load event. Please make sure it has an appropriate `as` value and it is preloaded intentionally. @ http://localhost:3000/:0
[   97484ms] [LOG] [Fast Refresh] rebuilding @ http://localhost:3000/_next/static/chunks/node_modules_next_dist_7a8122d0._.js:2287
[   97578ms] [LOG] [Fast Refresh] done in 174ms @ http://localhost:3000/_next/static/chunks/node_modules_next_dist_7a8122d0._.js:2287
[  632389ms] [LOG] [Fast Refresh] rebuilding @ http://localhost:3000/_next/static/chunks/node_modules_next_dist_7a8122d0._.js:2287
[  632521ms] [LOG] [Fast Refresh] done in 233ms @ http://localhost:3000/_next/static/chunks/node_modules_next_dist_7a8122d0._.js:2287
[  713971ms] [LOG] [Fast Refresh] rebuilding @ http://localhost:3000/_next/static/chunks/node_modules_next_dist_7a8122d0._.js:2287
[  714322ms] ReferenceError: PromoBanner is not defined
    at ScreenOferta (http://localhost:3000/_next/static/chunks/_b27df9d0._.js?id=%255Bproject%255D%252Fcomponents%252Fquiz%252Fscreen-oferta.tsx+%255Bapp-client%255D+%2528ecmascript%2529:52:216)
    at Object.react_stack_bottom_frame (http://localhost:3000/_next/static/chunks/node_modules_next_dist_compiled_react-dom_1e674e59._.js:14816:24)
    at renderWithHooks (http://localhost:3000/_next/static/chunks/node_modules_next_dist_compiled_react-dom_1e674e59._.js:4645:24)
    at updateFunctionComponent (http://localhost:3000/_next/static/chunks/node_modules_next_dist_compiled_react-dom_1e674e59._.js:6106:21)
    at beginWork (http://localhost:3000/_next/static/chunks/node_modules_next_dist_compiled_react-dom_1e674e59._.js:6702:24)
    at runWithFiberInDEV (http://localhost:3000/_next/static/chunks/node_modules_next_dist_compiled_react-dom_1e674e59._.js:959:74)
    at performUnitOfWork (http://localhost:3000/_next/static/chunks/node_modules_next_dist_compiled_react-dom_1e674e59._.js:9556:97)
    at workLoopSync (http://localhost:3000/_next/static/chunks/node_modules_next_dist_compiled_react-dom_1e674e59._.js:9450:40)
    at renderRootSync (http://localhost:3000/_next/static/chunks/node_modules_next_dist_compiled_react-dom_1e674e59._.js:9434:13)
    at performWorkOnRoot (http://localhost:3000/_next/static/chunks/node_modules_next_dist_compiled_react-dom_1e674e59._.js:9099:47)
    at performSyncWorkOnRoot (http://localhost:3000/_next/static/chunks/node_modules_next_dist_compiled_react-dom_1e674e59._.js:10232:9)
    at flushSyncWorkAcrossRoots_impl (http://localhost:3000/_next/static/chunks/node_modules_next_dist_compiled_react-dom_1e674e59._.js:10148:316)
    at flushSyncWork$1 (http://localhost:3000/_next/static/chunks/node_modules_next_dist_compiled_react-dom_1e674e59._.js:9231:86)
    at Object.scheduleRefresh (http://localhost:3000/_next/static/chunks/node_modules_next_dist_compiled_react-dom_1e674e59._.js:294:13)
    at http://localhost:3000/_next/static/chunks/node_modules_next_dist_compiled_a0e4c7b4._.js:391:33
    at Set.forEach (<anonymous>)
    at Object.performReactRefresh (http://localhost:3000/_next/static/chunks/node_modules_next_dist_compiled_a0e4c7b4._.js:384:38)
    at applyUpdate (http://localhost:3000/_next/static/chunks/node_modules_next_dist_compiled_a0e4c7b4._.js:878:31)
    at http://localhost:3000/_next/static/chunks/node_modules_next_dist_compiled_a0e4c7b4._.js:886:13
[  714382ms] [LOG] [Fast Refresh] done in 404ms @ http://localhost:3000/_next/static/chunks/node_modules_next_dist_7a8122d0._.js:2287
[  717434ms] [WARNING] The resource https://scripts.converteai.net/8961d838-aff2-4dce-9b39-e84022d332ce/players/697f8cbb1385ff513705f870/v4/player.js was preloaded using link preload but not used within a few seconds from the window's load event. Please make sure it has an appropriate `as` value and it is preloaded intentionally. @ http://localhost:3000/:0
[  717434ms] [WARNING] The resource https://cdn.converteai.net/8961d838-aff2-4dce-9b39-e84022d332ce/697f8cab6300fb8f8ee04980/main.m3u8 was preloaded using link preload but not used within a few seconds from the window's load event. Please make sure it has an appropriate `as` value and it is preloaded intentionally. @ http://localhost:3000/:0
[  722714ms] [LOG] [Fast Refresh] rebuilding @ http://localhost:3000/_next/static/chunks/node_modules_next_dist_7a8122d0._.js:2287
[  722719ms] [WARNING] [Fast Refresh] performing full reload because your application had an unrecoverable error @ http://localhost:3000/_next/static/chunks/node_modules_next_dist_7a8122d0._.js:2287
[  722744ms] [LOG] [Tracking] funnel_started {step: 1} @ http://localhost:3000/_next/static/chunks/node_modules_next_dist_7a8122d0._.js:2287
[  722745ms] [LOG] %c[Vercel Web Analytics]%c [event] funnel_started color: rgb(120, 120, 120) color: inherit {o: http://localhost:3000/, sv: 0.1.3, sdkn: @vercel/analytics/next, sdkv: 1.3.1, ts: 1779654354438} /_vercel/insights/event @ http://localhost:3000/_next/static/chunks/node_modules_next_dist_7a8122d0._.js:2287
[  722745ms] [LOG] %c[Vercel Web Analytics]%c [view] http://localhost:3000/ color: rgb(120, 120, 120) color: inherit {o: http://localhost:3000/, sv: 0.1.3, sdkn: @vercel/analytics/next, sdkv: 1.3.1, ts: 1779654354452} /_vercel/insights/view @ http://localhost:3000/_next/static/chunks/node_modules_next_dist_7a8122d0._.js:2287
[  722771ms] [LOG] [Fast Refresh] done in 65ms @ http://localhost:3000/_next/static/chunks/node_modules_next_dist_7a8122d0._.js:2287
[  723155ms] [LOG] utms script loaded! 2.3.12 @ https://cdn.utmify.com.br/scripts/utms/latest.js:0
[  723266ms] [INFO] %cDownload the React DevTools for a better development experience: https://react.dev/link/react-devtools font-weight:bold @ http://localhost:3000/_next/static/chunks/node_modules_next_dist_7a8122d0._.js:2287
[  723290ms] [LOG] [HMR] connected @ http://localhost:3000/_next/static/chunks/node_modules_next_dist_7a8122d0._.js:2287
[  723305ms] [LOG] [Tracking] funnel_started {step: 1} @ http://localhost:3000/_next/static/chunks/node_modules_next_dist_7a8122d0._.js:2287
[  723339ms] [LOG] %c[Vercel Web Analytics]%c Debug mode is enabled by default in development. No requests will be sent to the server. color: rgb(120, 120, 120) color: inherit @ http://localhost:3000/_next/static/chunks/node_modules_next_dist_7a8122d0._.js:2287
[  723339ms] [LOG] %c[Vercel Web Analytics]%c Running queued event color: rgb(120, 120, 120) color: inherit pageview {route: /, path: /} @ http://localhost:3000/_next/static/chunks/node_modules_next_dist_7a8122d0._.js:2287
[  723340ms] [LOG] %c[Vercel Web Analytics]%c [view] http://localhost:3000/ color: rgb(120, 120, 120) color: inherit {o: http://localhost:3000/, sv: 0.1.3, sdkn: @vercel/analytics/next, sdkv: 1.3.1, ts: 1779654355047} /_vercel/insights/view @ http://localhost:3000/_next/static/chunks/node_modules_next_dist_7a8122d0._.js:2287
[  726903ms] [WARNING] The resource https://scripts.converteai.net/8961d838-aff2-4dce-9b39-e84022d332ce/players/697f8cbb1385ff513705f870/v4/player.js was preloaded using link preload but not used within a few seconds from the window's load event. Please make sure it has an appropriate `as` value and it is preloaded intentionally. @ http://localhost:3000/:0
[  726903ms] [WARNING] The resource https://cdn.converteai.net/8961d838-aff2-4dce-9b39-e84022d332ce/697f8cab6300fb8f8ee04980/main.m3u8 was preloaded using link preload but not used within a few seconds from the window's load event. Please make sure it has an appropriate `as` value and it is preloaded intentionally. @ http://localhost:3000/:0
[  731419ms] [WARNING] The resource https://scripts.converteai.net/8961d838-aff2-4dce-9b39-e84022d332ce/players/697f8cbb1385ff513705f870/v4/player.js was preloaded using link preload but not used within a few seconds from the window's load event. Please make sure it has an appropriate `as` value and it is preloaded intentionally. @ http://localhost:3000/:0
[  731419ms] [WARNING] The resource https://cdn.converteai.net/8961d838-aff2-4dce-9b39-e84022d332ce/697f8cab6300fb8f8ee04980/main.m3u8 was preloaded using link preload but not used within a few seconds from the window's load event. Please make sure it has an appropriate `as` value and it is preloaded intentionally. @ http://localhost:3000/:0
[  731681ms] [LOG] [Fast Refresh] rebuilding @ http://localhost:3000/_next/static/chunks/node_modules_next_dist_7a8122d0._.js:2287
[  731706ms] [LOG] [Fast Refresh] done in 52ms @ http://localhost:3000/_next/static/chunks/node_modules_next_dist_7a8122d0._.js:2287
[  749945ms] [LOG] [Fast Refresh] rebuilding @ http://localhost:3000/_next/static/chunks/node_modules_next_dist_7a8122d0._.js:2287
[  749991ms] [LOG] [Fast Refresh] done in 102ms @ http://localhost:3000/_next/static/chunks/node_modules_next_dist_7a8122d0._.js:2287
[  752993ms] [WARNING] The resource https://scripts.converteai.net/8961d838-aff2-4dce-9b39-e84022d332ce/players/697f8cbb1385ff513705f870/v4/player.js was preloaded using link preload but not used within a few seconds from the window's load event. Please make sure it has an appropriate `as` value and it is preloaded intentionally. @ http://localhost:3000/:0
[  752993ms] [WARNING] The resource https://cdn.converteai.net/8961d838-aff2-4dce-9b39-e84022d332ce/697f8cab6300fb8f8ee04980/main.m3u8 was preloaded using link preload but not used within a few seconds from the window's load event. Please make sure it has an appropriate `as` value and it is preloaded intentionally. @ http://localhost:3000/:0
