[     267ms] [LOG] utms script loaded! 2.3.12 @ https://cdn.utmify.com.br/scripts/utms/latest.js:0
[     377ms] [INFO] %cDownload the React DevTools for a better development experience: https://react.dev/link/react-devtools font-weight:bold @ http://localhost:3000/_next/static/chunks/node_modules_next_dist_7a8122d0._.js:2287
[     398ms] [LOG] [HMR] connected @ http://localhost:3000/_next/static/chunks/node_modules_next_dist_7a8122d0._.js:2287
[     421ms] [LOG] [Tracking] funnel_started {step: 1} @ http://localhost:3000/_next/static/chunks/node_modules_next_dist_7a8122d0._.js:2287
[     441ms] [LOG] %c[Vercel Web Analytics]%c Debug mode is enabled by default in development. No requests will be sent to the server. color: rgb(120, 120, 120) color: inherit @ http://localhost:3000/_next/static/chunks/node_modules_next_dist_7a8122d0._.js:2287
[     441ms] [LOG] %c[Vercel Web Analytics]%c Running queued event color: rgb(120, 120, 120) color: inherit pageview {route: /, path: /} @ http://localhost:3000/_next/static/chunks/node_modules_next_dist_7a8122d0._.js:2287
[     441ms] [LOG] %c[Vercel Web Analytics]%c [view] http://localhost:3000/ color: rgb(120, 120, 120) color: inherit {o: http://localhost:3000/, sv: 0.1.3, sdkn: @vercel/analytics/next, sdkv: 1.3.1, ts: 1779654500434} /_vercel/insights/view @ http://localhost:3000/_next/static/chunks/node_modules_next_dist_7a8122d0._.js:2287
[    3649ms] [WARNING] The resource https://scripts.converteai.net/8961d838-aff2-4dce-9b39-e84022d332ce/players/697f8cbb1385ff513705f870/v4/player.js was preloaded using link preload but not used within a few seconds from the window's load event. Please make sure it has an appropriate `as` value and it is preloaded intentionally. @ http://localhost:3000/:0
[    3649ms] [WARNING] The resource https://cdn.converteai.net/8961d838-aff2-4dce-9b39-e84022d332ce/697f8cab6300fb8f8ee04980/main.m3u8 was preloaded using link preload but not used within a few seconds from the window's load event. Please make sure it has an appropriate `as` value and it is preloaded intentionally. @ http://localhost:3000/:0
[    3649ms] [WARNING] The resource https://scripts.converteai.net/lib/js/smartplayer-wc/v4/smartplayer.js was preloaded using link preload but not used within a few seconds from the window's load event. Please make sure it has an appropriate `as` value and it is preloaded intentionally. @ http://localhost:3000/:0
[    8508ms] [WARNING] The resource https://scripts.converteai.net/8961d838-aff2-4dce-9b39-e84022d332ce/players/697f8cbb1385ff513705f870/v4/player.js was preloaded using link preload but not used within a few seconds from the window's load event. Please make sure it has an appropriate `as` value and it is preloaded intentionally. @ http://localhost:3000/:0
[    8508ms] [WARNING] The resource https://cdn.converteai.net/8961d838-aff2-4dce-9b39-e84022d332ce/697f8cab6300fb8f8ee04980/main.m3u8 was preloaded using link preload but not used within a few seconds from the window's load event. Please make sure it has an appropriate `as` value and it is preloaded intentionally. @ http://localhost:3000/:0
[    8508ms] [WARNING] The resource https://scripts.converteai.net/lib/js/smartplayer-wc/v4/smartplayer.js was preloaded using link preload but not used within a few seconds from the window's load event. Please make sure it has an appropriate `as` value and it is preloaded intentionally. @ http://localhost:3000/:0
[   11939ms] [WARNING] The resource https://scripts.converteai.net/8961d838-aff2-4dce-9b39-e84022d332ce/players/697f8cbb1385ff513705f870/v4/player.js was preloaded using link preload but not used within a few seconds from the window's load event. Please make sure it has an appropriate `as` value and it is preloaded intentionally. @ http://localhost:3000/:0
[   11939ms] [WARNING] The resource https://cdn.converteai.net/8961d838-aff2-4dce-9b39-e84022d332ce/697f8cab6300fb8f8ee04980/main.m3u8 was preloaded using link preload but not used within a few seconds from the window's load event. Please make sure it has an appropriate `as` value and it is preloaded intentionally. @ http://localhost:3000/:0
[   11939ms] [WARNING] The resource https://scripts.converteai.net/lib/js/smartplayer-wc/v4/smartplayer.js was preloaded using link preload but not used within a few seconds from the window's load event. Please make sure it has an appropriate `as` value and it is preloaded intentionally. @ http://localhost:3000/:0
[   44160ms] [WARNING] The resource https://scripts.converteai.net/8961d838-aff2-4dce-9b39-e84022d332ce/players/697f8cbb1385ff513705f870/v4/player.js was preloaded using link preload but not used within a few seconds from the window's load event. Please make sure it has an appropriate `as` value and it is preloaded intentionally. @ http://localhost:3000/:0
[   44161ms] [WARNING] The resource https://cdn.converteai.net/8961d838-aff2-4dce-9b39-e84022d332ce/697f8cab6300fb8f8ee04980/main.m3u8 was preloaded using link preload but not used within a few seconds from the window's load event. Please make sure it has an appropriate `as` value and it is preloaded intentionally. @ http://localhost:3000/:0
[   44161ms] [WARNING] The resource https://scripts.converteai.net/lib/js/smartplayer-wc/v4/smartplayer.js was preloaded using link preload but not used within a few seconds from the window's load event. Please make sure it has an appropriate `as` value and it is preloaded intentionally. @ http://localhost:3000/:0
[  355880ms] [LOG] [Fast Refresh] rebuilding @ http://localhost:3000/_next/static/chunks/node_modules_next_dist_7a8122d0._.js:2287
[  355902ms] [LOG] [Fast Refresh] done in 76ms @ http://localhost:3000/_next/static/chunks/node_modules_next_dist_7a8122d0._.js:2287
[  462416ms] [LOG] [Fast Refresh] rebuilding @ http://localhost:3000/_next/static/chunks/node_modules_next_dist_7a8122d0._.js:2287
[  462439ms] [LOG] [Fast Refresh] done in 79ms @ http://localhost:3000/_next/static/chunks/node_modules_next_dist_7a8122d0._.js:2287
[  518419ms] [LOG] [Tracking] step_viewed {step: 2} @ http://localhost:3000/_next/static/chunks/node_modules_next_dist_7a8122d0._.js:2287
[  518420ms] [LOG] %c[Vercel Web Analytics]%c [event] step_viewed color: rgb(120, 120, 120) color: inherit {o: http://localhost:3000/, sv: 0.1.3, sdkn: @vercel/analytics/next, sdkv: 1.3.1, ts: 1779655018406} /_vercel/insights/event @ http://localhost:3000/_next/static/chunks/node_modules_next_dist_7a8122d0._.js:2287
[  521562ms] [WARNING] The resource https://scripts.converteai.net/8961d838-aff2-4dce-9b39-e84022d332ce/players/697f8cbb1385ff513705f870/v4/player.js was preloaded using link preload but not used within a few seconds from the window's load event. Please make sure it has an appropriate `as` value and it is preloaded intentionally. @ http://localhost:3000/:0
[  521562ms] [WARNING] The resource https://cdn.converteai.net/8961d838-aff2-4dce-9b39-e84022d332ce/697f8cab6300fb8f8ee04980/main.m3u8 was preloaded using link preload but not used within a few seconds from the window's load event. Please make sure it has an appropriate `as` value and it is preloaded intentionally. @ http://localhost:3000/:0
[  521562ms] [WARNING] The resource https://scripts.converteai.net/lib/js/smartplayer-wc/v4/smartplayer.js was preloaded using link preload but not used within a few seconds from the window's load event. Please make sure it has an appropriate `as` value and it is preloaded intentionally. @ http://localhost:3000/:0
[  526487ms] [WARNING] The resource https://scripts.converteai.net/8961d838-aff2-4dce-9b39-e84022d332ce/players/697f8cbb1385ff513705f870/v4/player.js was preloaded using link preload but not used within a few seconds from the window's load event. Please make sure it has an appropriate `as` value and it is preloaded intentionally. @ http://localhost:3000/:0
[  526487ms] [WARNING] The resource https://cdn.converteai.net/8961d838-aff2-4dce-9b39-e84022d332ce/697f8cab6300fb8f8ee04980/main.m3u8 was preloaded using link preload but not used within a few seconds from the window's load event. Please make sure it has an appropriate `as` value and it is preloaded intentionally. @ http://localhost:3000/:0
[  526487ms] [WARNING] The resource https://scripts.converteai.net/lib/js/smartplayer-wc/v4/smartplayer.js was preloaded using link preload but not used within a few seconds from the window's load event. Please make sure it has an appropriate `as` value and it is preloaded intentionally. @ http://localhost:3000/:0
[  562624ms] [LOG] [Fast Refresh] rebuilding @ http://localhost:3000/_next/static/chunks/node_modules_next_dist_7a8122d0._.js:2287
[  562676ms] [LOG] [Fast Refresh] done in 93ms @ http://localhost:3000/_next/static/chunks/node_modules_next_dist_7a8122d0._.js:2287
